0 info it worked if it ends with ok
1 verbose cli [ '/usr/local/Cellar/node/5.6.0/bin/node',
1 verbose cli   '/usr/local/bin/npm',
1 verbose cli   'start' ]
2 info using npm@3.7.3
3 info using node@v5.6.0
4 verbose run-script [ 'prestart', 'start', 'poststart' ]
5 info lifecycle guardswift-web@~prestart: guardswift-web@
6 silly lifecycle guardswift-web@~prestart: no script for prestart, continuing
7 info lifecycle guardswift-web@~start: guardswift-web@
8 verbose lifecycle guardswift-web@~start: unsafe-perm in lifecycle true
9 verbose lifecycle guardswift-web@~start: PATH: /usr/local/lib/node_modules/npm/bin/node-gyp-bin:/Users/cyrixmorten/Development/GuardSwiftWeb/node_modules/.bin:/usr/local/Cellar/node/5.6.0/bin:/Library/Java/JavaVirtualMachines/jdk1.7.0_80.jdk/Contents/Home/bin:/components/apache/apache-ant-1.9.6/bin:/usr/local/Cellar/node/5.0.0//bin:/Users/cyrixmorten/bin:/usr/bin:/bin:/usr/sbin:/sbin:/usr/local/bin:/opt/X11/bin
10 verbose lifecycle guardswift-web@~start: CWD: /Users/cyrixmorten/Development/GuardSwiftWeb
11 silly lifecycle guardswift-web@~start: Args: [ '-c', 'cd server && node app.js' ]
12 silly lifecycle guardswift-web@~start: Returned: code: 1  signal: null
13 info lifecycle guardswift-web@~start: Failed to exec start script
14 verbose stack Error: guardswift-web@ start: `cd server && node app.js`
14 verbose stack Exit status 1
14 verbose stack     at EventEmitter.<anonymous> (/usr/local/lib/node_modules/npm/lib/utils/lifecycle.js:239:16)
14 verbose stack     at emitTwo (events.js:100:13)
14 verbose stack     at EventEmitter.emit (events.js:185:7)
14 verbose stack     at ChildProcess.<anonymous> (/usr/local/lib/node_modules/npm/lib/utils/spawn.js:24:14)
14 verbose stack     at emitTwo (events.js:100:13)
14 verbose stack     at ChildProcess.emit (events.js:185:7)
14 verbose stack     at maybeClose (internal/child_process.js:827:16)
14 verbose stack     at Process.ChildProcess._handle.onexit (internal/child_process.js:211:5)
15 verbose pkgid guardswift-web@
16 verbose cwd /Users/cyrixmorten/Development/GuardSwiftWeb
17 error Darwin 15.4.0
18 error argv "/usr/local/Cellar/node/5.6.0/bin/node" "/usr/local/bin/npm" "start"
19 error node v5.6.0
20 error npm  v3.7.3
21 error code ELIFECYCLE
22 error guardswift-web@ start: `cd server && node app.js`
22 error Exit status 1
23 error Failed at the guardswift-web@ start script 'cd server && node app.js'.
23 error Make sure you have the latest version of node.js and npm installed.
23 error If you do, this is most likely a problem with the guardswift-web package,
23 error not with npm itself.
23 error Tell the author that this fails on your system:
23 error     cd server && node app.js
23 error You can get information on how to open an issue for this project with:
23 error     npm bugs guardswift-web
23 error Or if that isn't available, you can get their info via:
23 error     npm owner ls guardswift-web
23 error There is likely additional logging output above.
24 verbose exit [ 1, true ]
